<<<<<<< HEAD
﻿  our_gl.cpp
D:\MRenderer\PangEngine\MiniRendererCpp\MiniRendererCpp\our_gl.h(26,53): warning C4244: “参数”: 从“double”转换到“const int”，可能丢失数据
D:\MRenderer\PangEngine\MiniRendererCpp\MiniRendererCpp\our_gl.h(26,31): warning C4244: “参数”: 从“double”转换到“const int”，可能丢失数据
D:\MRenderer\PangEngine\MiniRendererCpp\MiniRendererCpp\our_gl.cpp(75,16): warning C4244: “初始化”: 从“double”转换到“float”，可能丢失数据
D:\MRenderer\PangEngine\MiniRendererCpp\MiniRendererCpp\our_gl.cpp(130,37): warning C4244: “初始化”: 从“double”转换到“float”，可能丢失数据
D:\MRenderer\PangEngine\MiniRendererCpp\MiniRendererCpp\our_gl.cpp(131,37): warning C4244: “初始化”: 从“double”转换到“float”，可能丢失数据
D:\MRenderer\PangEngine\MiniRendererCpp\MiniRendererCpp\our_gl.cpp(134,44): warning C4244: “初始化”: 从“double”转换到“float”，可能丢失数据
D:\MRenderer\PangEngine\MiniRendererCpp\MiniRendererCpp\our_gl.cpp(210,37): warning C4244: “初始化”: 从“double”转换到“float”，可能丢失数据
D:\MRenderer\PangEngine\MiniRendererCpp\MiniRendererCpp\our_gl.cpp(211,37): warning C4244: “初始化”: 从“double”转换到“float”，可能丢失数据
D:\MRenderer\PangEngine\MiniRendererCpp\MiniRendererCpp\our_gl.cpp(214,44): warning C4244: “初始化”: 从“double”转换到“float”，可能丢失数据
D:\MRenderer\PangEngine\MiniRendererCpp\MiniRendererCpp\our_gl.cpp(248,36): warning C4244: “初始化”: 从“double”转换到“float”，可能丢失数据
D:\MRenderer\PangEngine\MiniRendererCpp\MiniRendererCpp\our_gl.cpp(290,36): warning C4244: “初始化”: 从“double”转换到“float”，可能丢失数据
  正在生成代码
  1 of 3281 functions (<0.1%) were compiled, the rest were copied from previous compilation.
    0 functions were new in current compilation
    100 functions had inline decision re-evaluated but remain unchanged
=======
﻿  rendererGL.cpp
LINK : warning LNK4098: 默认库“MSVCRTD”与其他库的使用冲突；请使用 /NODEFAULTLIB:library
  正在生成代码
  11 of 2728 functions ( 0.4%) were compiled, the rest were copied from previous compilation.
    1 functions were new in current compilation
    98 functions had inline decision re-evaluated but remain unchanged
>>>>>>> 7a5377bd031dc5569defd8460a0cfe87ec749169
  已完成代码的生成
  MiniRendererCpp.vcxproj -> D:\mihoyo\LanguageLearning\cpp\MyLearnTinyRenderer0723\Pang_engine\MiniRendererCpp\x64\Release\MiniRendererCpp.exe
